current directory: /Users/hiroseshiho/coyell/bendor/bundle/ruby/3.1.0/gems/date-3.3.3/ext/date
/Users/hiroseshiho/.rbenv/versions/3.1.2/bin/ruby extconf.rb
checking for rb_category_warn()... yes
checking for timezone in time.h with  -Werror... yes
checking for altzone in time.h with  -Werror... no
creating Makefile

current directory: /Users/hiroseshiho/coyell/bendor/bundle/ruby/3.1.0/gems/date-3.3.3/ext/date
make DESTDIR\= sitearchdir\=./.gem.20230830-71836-nk94qn sitelibdir\=./.gem.20230830-71836-nk94qn clean

current directory: /Users/hiroseshiho/coyell/bendor/bundle/ruby/3.1.0/gems/date-3.3.3/ext/date
make DESTDIR\= sitearchdir\=./.gem.20230830-71836-nk94qn sitelibdir\=./.gem.20230830-71836-nk94qn
compiling date_core.c
compiling date_parse.c
compiling date_strftime.c
compiling date_strptime.c
linking shared-object date_core.bundle

current directory: /Users/hiroseshiho/coyell/bendor/bundle/ruby/3.1.0/gems/date-3.3.3/ext/date
make DESTDIR\= sitearchdir\=./.gem.20230830-71836-nk94qn sitelibdir\=./.gem.20230830-71836-nk94qn install
/usr/bin/install -c -m 0755 date_core.bundle ./.gem.20230830-71836-nk94qn

current directory: /Users/hiroseshiho/coyell/bendor/bundle/ruby/3.1.0/gems/date-3.3.3/ext/date
make DESTDIR\= sitearchdir\=./.gem.20230830-71836-nk94qn sitelibdir\=./.gem.20230830-71836-nk94qn clean
